#
# There is insufficient memory for the Java Runtime Environment to continue.
# Native memory allocation (mmap) failed to map 266338304 bytes for G1 virtual space
# Possible reasons:
#   The system is out of physical RAM or swap space
#   The process is running with CompressedOops enabled, and the Java Heap may be blocking the growth of the native heap
# Possible solutions:
#   Reduce memory load on the system
#   Increase physical memory or swap space
#   Check if swap backing store is full
#   Decrease Java heap size (-Xmx/-Xms)
#   Decrease number of Java threads
#   Decrease Java thread stack sizes (-Xss)
#   Set larger code cache with -XX:ReservedCodeCacheSize=
#   JVM is running with Zero Based Compressed Oops mode in which the Java heap is
#     placed in the first 32GB address space. The Java Heap base address is the
#     maximum limit for the native heap growth. Please use -XX:HeapBaseMinAddress
#     to set the Java Heap base and to place the Java Heap above 32GB virtual address.
# This output file may be truncated or incomplete.
#
#  Out of Memory Error (os_windows.cpp:3530), pid=8076, tid=276
#
# JRE version:  (18.0+36) (build )
# Java VM: Java HotSpot(TM) 64-Bit Server VM (18+36-2087, mixed mode, sharing, tiered, compressed oops, compressed class ptrs, g1 gc, windows-amd64)
# No core dump will be written. Minidumps are not enabled by default on client versions of Windows
#

---------------  S U M M A R Y ------------

Command Line: -Dfile.encoding=UTF-8 -XX:+ShowCodeDetailsInExceptionMessages Rentacar.Alquiler

Host: Intel(R) Core(TM) i5-9500 CPU @ 3.00GHz, 6 cores, 15G,  Windows 10 , 64 bit Build 19041 (10.0.19041.2913)
Time: Mon May 29 19:17:30 2023 Hora de verano romance elapsed time: 0.016768 seconds (0d 0h 0m 0s)

---------------  T H R E A D  ---------------

Current thread (0x000001d7341bcc70):  JavaThread "Unknown thread" [_thread_in_vm, id=276, stack(0x000000d180100000,0x000000d180200000)]

Stack: [0x000000d180100000,0x000000d180200000]
Native frames: (J=compiled Java code, j=interpreted, Vv=VM code, C=native code)
V  [jvm.dll+0x69804a]
V  [jvm.dll+0x7f308d]
V  [jvm.dll+0x7f499e]
V  [jvm.dll+0x7f5053]
V  [jvm.dll+0x25ca3f]
V  [jvm.dll+0x694f99]
V  [jvm.dll+0x689aca]
V  [jvm.dll+0x321efb]
V  [jvm.dll+0x3298d6]
V  [jvm.dll+0x37e47e]
V  [jvm.dll+0x37e6af]
V  [jvm.dll+0x2f9c7a]
V  [jvm.dll+0x2facdd]
V  [jvm.dll+0x7c1cc0]
V  [jvm.dll+0x38b801]
V  [jvm.dll+0x7a09d3]
V  [jvm.dll+0x40d6bf]
V  [jvm.dll+0x40f091]
C  [jli.dll+0x526b]
C  [ucrtbase.dll+0x21bb2]
C  [KERNEL32.DLL+0x17614]
C  [ntdll.dll+0x526a1]


---------------  P R O C E S S  ---------------

Threads class SMR info:
_java_thread_list=0x00007ffe7012e550, length=0, elements={
}

Java Threads: ( => current thread )

Other Threads:
  0x000001d73422c0d0 WorkerThread "GC Thread#0" [stack: 0x000000d180200000,0x000000d180300000] [id=7904]
  0x000001d73423e030 ConcurrentGCThread "G1 Main Marker" [stack: 0x000000d180300000,0x000000d180400000] [id=23284]
  0x000001d7342400e0 WorkerThread "G1 Conc#0" [stack: 0x000000d180400000,0x000000d180500000] [id=2140]

[error occurred during error reporting (printing all threads), id 0xc0000005, EXCEPTION_ACCESS_VIOLATION (0xc0000005) at pc=0x00007ffe6f95a217]

VM state: not at safepoint (not fully initialized)

VM Mutex/Monitor currently owned by a thread:  ([mutex/lock_event])
[0x000001d7341b9690] Heap_lock - owner thread: 0x000001d7341bcc70

Heap address: 0x0000000702e00000, size: 4050 MB, Compressed Oops mode: Zero based, Oop shift amount: 3

CDS archive(s) mapped at: [0x0000000000000000-0x0000000000000000-0x0000000000000000), size 0, SharedBaseAddress: 0x0000000800000000, ArchiveRelocationMode: 0.
Narrow klass base: 0x0000000000000000, Narrow klass shift: 0, Narrow klass range: 0x0

GC Precious Log:
 CardTable entry size: 512
 Card Set container configuration: InlinePtr #cards 4 size 8 Array Of Cards #cards 16 size 48 Howl #buckets 8 coarsen threshold 3686 Howl Bitmap #cards 512 size 80 coarsen threshold 460 Card regions per heap region 1 cards per card region 4096

Heap:
 garbage-first heap   total 0K, used 0K [0x0000000702e00000, 0x0000000800000000)
  region size 2048K, 0 young (0K), 0 survivors (0K)

[error occurred during error reporting (printing heap information), id 0xc0000005, EXCEPTION_ACCESS_VIOLATION (0xc0000005) at pc=0x00007ffe6fd40489]

GC Heap History (0 events):
No events

Deoptimization events (0 events):
No events

Classes loaded (0 events):
No events

Classes unloaded (0 events):
No events

Classes redefined (0 events):
No events

Internal exceptions (0 events):
No events

VM Operations (0 events):
No events

Events (1 events):
Event: 0.006 Loaded shared library C:\Program Files\Java\jdk-18\bin\java.dll


Dynamic libraries:
0x00007ff6715f0000 - 0x00007ff671600000 	C:\Program Files\Java\jdk-18\bin\javaw.exe
0x00007ffec35f0000 - 0x00007ffec37e8000 	C:\WINDOWS\SYSTEM32\ntdll.dll
0x00007ffec1f50000 - 0x00007ffec200f000 	C:\WINDOWS\System32\KERNEL32.DLL
0x00007ffec0d00000 - 0x00007ffec0ff6000 	C:\WINDOWS\System32\KERNELBASE.dll
0x00007ffec1000000 - 0x00007ffec1100000 	C:\WINDOWS\System32\ucrtbase.dll
0x00007ffeb8010000 - 0x00007ffeb8028000 	C:\Program Files\Java\jdk-18\bin\jli.dll
0x00007ffeb8030000 - 0x00007ffeb804a000 	C:\Program Files\Java\jdk-18\bin\VCRUNTIME140.dll
0x00007ffec1910000 - 0x00007ffec19bf000 	C:\WINDOWS\System32\ADVAPI32.dll
0x00007ffec2540000 - 0x00007ffec25de000 	C:\WINDOWS\System32\msvcrt.dll
0x00007ffec3510000 - 0x00007ffec35ac000 	C:\WINDOWS\System32\sechost.dll
0x00007ffec25e0000 - 0x00007ffec2706000 	C:\WINDOWS\System32\RPCRT4.dll
0x00007ffec31f0000 - 0x00007ffec338d000 	C:\WINDOWS\System32\USER32.dll
0x00007ffeaea80000 - 0x00007ffeaed1a000 	C:\WINDOWS\WinSxS\amd64_microsoft.windows.common-controls_6595b64144ccf1df_6.0.19041.1110_none_60b5254171f9507e\COMCTL32.dll
0x00007ffec1620000 - 0x00007ffec1642000 	C:\WINDOWS\System32\win32u.dll
0x00007ffec20a0000 - 0x00007ffec20cc000 	C:\WINDOWS\System32\GDI32.dll
0x00007ffec1100000 - 0x00007ffec1215000 	C:\WINDOWS\System32\gdi32full.dll
0x00007ffec1580000 - 0x00007ffec161d000 	C:\WINDOWS\System32\msvcp_win.dll
0x00007ffebdca0000 - 0x00007ffebdcaa000 	C:\WINDOWS\SYSTEM32\VERSION.dll
0x00007ffec2ff0000 - 0x00007ffec3020000 	C:\WINDOWS\System32\IMM32.DLL
0x00007ffebe4c0000 - 0x00007ffebe4cc000 	C:\Program Files\Java\jdk-18\bin\vcruntime140_1.dll
0x00007ffea22a0000 - 0x00007ffea232d000 	C:\Program Files\Java\jdk-18\bin\msvcp140.dll
0x00007ffe6f650000 - 0x00007ffe70261000 	C:\Program Files\Java\jdk-18\bin\server\jvm.dll
0x00007ffec2090000 - 0x00007ffec2098000 	C:\WINDOWS\System32\PSAPI.DLL
0x00007ffe8ddc0000 - 0x00007ffe8ddc9000 	C:\WINDOWS\SYSTEM32\WSOCK32.dll
0x00007ffeac3a0000 - 0x00007ffeac3c7000 	C:\WINDOWS\SYSTEM32\WINMM.dll
0x00007ffec3020000 - 0x00007ffec308b000 	C:\WINDOWS\System32\WS2_32.dll
0x00007ffebeae0000 - 0x00007ffebeaf2000 	C:\WINDOWS\SYSTEM32\kernel.appcore.dll
0x00007ffeb8000000 - 0x00007ffeb800a000 	C:\Program Files\Java\jdk-18\bin\jimage.dll
0x00007ffeb9160000 - 0x00007ffeb9344000 	C:\WINDOWS\SYSTEM32\DBGHELP.DLL
0x00007ffeb7400000 - 0x00007ffeb7434000 	C:\WINDOWS\SYSTEM32\dbgcore.DLL
0x00007ffec13f0000 - 0x00007ffec1472000 	C:\WINDOWS\System32\bcryptPrimitives.dll
0x00007ffeb7f20000 - 0x00007ffeb7f45000 	C:\Program Files\Java\jdk-18\bin\java.dll

dbghelp: loaded successfully - version: 4.0.5 - missing functions: none
symbol engine: initialized successfully - sym options: 0x614 - pdb path: .;C:\Program Files\Java\jdk-18\bin;C:\WINDOWS\SYSTEM32;C:\WINDOWS\WinSxS\amd64_microsoft.windows.common-controls_6595b64144ccf1df_6.0.19041.1110_none_60b5254171f9507e;C:\Program Files\Java\jdk-18\bin\server

VM Arguments:
jvm_args: -Dfile.encoding=UTF-8 -XX:+ShowCodeDetailsInExceptionMessages 
java_command: Rentacar.Alquiler
java_class_path (initial): E:\JESUS\workspaceJesusGuijarroVillegas\Examen_PR_3erTrim\bin;C:\Users\DAM\Downloads\mysql-connector-j-8.0.33.jar
Launcher Type: SUN_STANDARD

[Global flags]
     intx CICompilerCount                          = 3                                         {product} {ergonomic}
     uint ConcGCThreads                            = 2                                         {product} {ergonomic}
     uint G1ConcRefinementThreads                  = 6                                         {product} {ergonomic}
   size_t G1HeapRegionSize                         = 2097152                                   {product} {ergonomic}
    uintx GCDrainStackTargetSize                   = 64                                        {product} {ergonomic}
   size_t InitialHeapSize                          = 266338304                                 {product} {ergonomic}
   size_t MarkStackSize                            = 4194304                                   {product} {ergonomic}
   size_t MaxHeapSize                              = 4246732800                                {product} {ergonomic}
   size_t MinHeapDeltaBytes                        = 2097152                                   {product} {ergonomic}
   size_t MinHeapSize                              = 8388608                                   {product} {ergonomic}
    uintx NonNMethodCodeHeapSize                   = 5832780                                {pd product} {ergonomic}
    uintx NonProfiledCodeHeapSize                  = 122912730                              {pd product} {ergonomic}
    uintx ProfiledCodeHeapSize                     = 122912730                              {pd product} {ergonomic}
    uintx ReservedCodeCacheSize                    = 251658240                              {pd product} {ergonomic}
     bool SegmentedCodeCache                       = true                                      {product} {ergonomic}
     bool ShowCodeDetailsInExceptionMessages       = true                                   {manageable} {command line}
   size_t SoftMaxHeapSize                          = 4246732800                             {manageable} {ergonomic}
     bool UseCompressedClassPointers               = true                           {product lp64_product} {ergonomic}
     bool UseCompressedOops                        = true                           {product lp64_product} {ergonomic}
     bool UseG1GC                                  = true                                      {product} {ergonomic}
     bool UseLargePagesIndividualAllocation        = false                                  {pd product} {ergonomic}

Logging:
Log output configuration:
 #0: stdout all=warning uptime,level,tags foldmultilines=false
 #1: stderr all=off uptime,level,tags foldmultilines=false

Environment Variables:
PATH=C:\Program Files\Common Files\Oracle\Java\javapath;C:\Program Files (x86)\Common Files\Oracle\Java\javapath;C:\Program Files (x86)\Common Files\Intel\Shared Libraries\redist\intel64\compiler;C:\WINDOWS\system32;C:\WINDOWS;C:\WINDOWS\System32\Wbem;C:\WINDOWS\System32\WindowsPowerShell\v1.0\;C:\WINDOWS\System32\OpenSSH\;C:\Users\DAM\AppData\Local\Microsoft\WindowsApps;C:\Users\DAM\AppData\Local\Programs\Microsoft VS Code\bin;C:\Users\DAM\AppData\Local\Programs\Git\cmd
USERNAME=dam
OS=Windows_NT
PROCESSOR_IDENTIFIER=Intel64 Family 6 Model 158 Stepping 10, GenuineIntel



---------------  S Y S T E M  ---------------

OS:
 Windows 10 , 64 bit Build 19041 (10.0.19041.2913)
OS uptime: 6 days 10:42 hours
Hyper-V role detected

CPU: total 6 (initial active 6) (6 cores per cpu, 1 threads per core) family 6 model 158 stepping 10 microcode 0xca, cx8, cmov, fxsr, mmx, 3dnowpref, sse, sse2, sse3, ssse3, sse4.1, sse4.2, popcnt, lzcnt, tsc, tscinvbit, avx, avx2, aes, erms, clmul, bmi1, bmi2, rtm, adx, fma, vzeroupper, clflush, clflushopt, hv

Memory: 4k page, system-wide physical 16193M (6002M free)
TotalPageFile size 17117M (AvailPageFile size 50M)
current process WorkingSet (physical memory assigned to process): 10M, peak: 10M
current process commit charge ("private bytes"): 56M, peak: 310M

vm_info: Java HotSpot(TM) 64-Bit Server VM (18+36-2087) for windows-amd64 JRE (18+36-2087), built on Feb 15 2022 09:43:11 by "mach5one" with MS VC++ 16.8 / 16.9 (VS2019)

END.
